<?xml version="1.0" encoding="UTF-8"?>
<Site BuildName="Win32-ninja"
	BuildStamp="20231014-1315-Experimental"
	Name="Note-Bruno"
	Generator="ctest-3.26.4"
	CompilerName="C:/msys64/mingw64/bin/g++.exe"
	CompilerVersion="13.1.0"
	OSName="Windows"
	Hostname="Note-Bruno"
	OSRelease=" Personal"
	OSVersion=" (Build 22621)"
	OSPlatform="AMD64"
	Is64Bits="1"
	VendorString=""
	VendorID="Unknown Manufacturer"
	FamilyID="0"
	ModelID="0"
	ProcessorCacheSize="0"
	NumberOfLogicalCPU="8"
	NumberOfPhysicalCPU="4"
	TotalVirtualMemory="17250"
	TotalPhysicalMemory="16226"
	LogicalProcessorsPerPhysical="2"
	ProcessorClockFrequency="2304"
	>
	<Testing>
		<StartDateTime>Oct 14 13:29 Hora oficial do Brasil</StartDateTime>
		<StartTestTime>1697300957</StartTestTime>
		<TestList/>
		<EndDateTime>Oct 14 13:29 Hora oficial do Brasil</EndDateTime>
		<EndTestTime>1697300957</EndTestTime>
		<ElapsedMinutes>0</ElapsedMinutes>
	</Testing>
</Site>
